D:\TRAINPROJ\VC\TDS\DEBUG\TDS.EXE
D:\TRAINPROJ\VC\TDS\DEBUG\TDS.ILK
D:\TRAINPROJ\VC\TDS\DEBUG\TDS.PDB
D:\TrainProj\vc\tds\tds\Debug\cl.command.1.tlog
D:\TrainProj\vc\tds\tds\Debug\CL.read.1.tlog
D:\TrainProj\vc\tds\tds\Debug\CL.write.1.tlog
D:\TrainProj\vc\tds\tds\Debug\link.13544.read.1.tlog
D:\TrainProj\vc\tds\tds\Debug\link.13544.write.1.tlog
D:\TrainProj\vc\tds\tds\Debug\link.13544-cvtres.read.1.tlog
D:\TrainProj\vc\tds\tds\Debug\link.13544-cvtres.write.1.tlog
D:\TrainProj\vc\tds\tds\Debug\link.15224.read.1.tlog
D:\TrainProj\vc\tds\tds\Debug\link.15224.write.1.tlog
D:\TrainProj\vc\tds\tds\Debug\link.15224-cvtres.read.1.tlog
D:\TrainProj\vc\tds\tds\Debug\link.15224-cvtres.write.1.tlog
D:\TrainProj\vc\tds\tds\Debug\link.command.1.tlog
D:\TrainProj\vc\tds\tds\Debug\link.read.1.tlog
D:\TrainProj\vc\tds\tds\Debug\link.write.1.tlog
D:\TrainProj\vc\tds\tds\Debug\link-cvtres.read.1.tlog
D:\TrainProj\vc\tds\tds\Debug\link-cvtres.write.1.tlog
D:\TrainProj\vc\tds\tds\Debug\mt.command.1.tlog
D:\TrainProj\vc\tds\tds\Debug\mt.read.1.tlog
D:\TrainProj\vc\tds\tds\Debug\mt.write.1.tlog
D:\TRAINPROJ\VC\TDS\TDS\DEBUG\PORT.OBJ
D:\TrainProj\vc\tds\tds\Debug\rc.command.1.tlog
D:\TrainProj\vc\tds\tds\Debug\rc.read.1.tlog
D:\TrainProj\vc\tds\tds\Debug\rc.write.1.tlog
D:\TRAINPROJ\VC\TDS\TDS\DEBUG\STDAFX.OBJ
D:\TRAINPROJ\VC\TDS\TDS\DEBUG\TDS.EXE.EMBED.MANIFEST
D:\TRAINPROJ\VC\TDS\TDS\DEBUG\TDS.EXE.EMBED.MANIFEST.RES
D:\TRAINPROJ\VC\TDS\TDS\DEBUG\TDS.EXE.INTERMEDIATE.MANIFEST
D:\TRAINPROJ\VC\TDS\TDS\DEBUG\TDS.OBJ
D:\TRAINPROJ\VC\TDS\TDS\DEBUG\TDS.PCH
D:\TRAINPROJ\VC\TDS\TDS\DEBUG\TDS.RES
D:\TrainProj\vc\tds\tds\Debug\tds.vcxprojResolveAssemblyReference.cache
D:\TrainProj\vc\tds\tds\Debug\tds.write.1.tlog
D:\TrainProj\vc\tds\tds\Debug\tds_manifest.rc
D:\TRAINPROJ\VC\TDS\TDS\DEBUG\TDSDLG.OBJ
D:\TrainProj\vc\tds\tds\Debug\vc100.idb
D:\TRAINPROJ\VC\TDS\TDS\DEBUG\VC100.PDB
