빌드 시작: 2020-07-08 오후 3:04:20
     1>2 노드의 "D:\TrainProj\vc\tds\tds\tds.vcxproj" 프로젝트(build 대상)입니다.
     1>InitializeBuildStatus:
         "AlwaysCreate"이(가) 지정되었기 때문에 "Debug\tds.unsuccessfulbuild"을(를) 만들고 있습니다.
       ClCompile:
         모든 출력이 최신 상태입니다.
         d:\Program Files (x86)\Microsoft Visual Studio 10.0\VC\bin\CL.exe /c /ZI /nologo /W3 /WX- /Od /Oy- /D WIN32 /D _WINDOWS /D _DEBUG /D _UNICODE /D UNICODE /D _AFXDLL /Gm /EHsc /RTC1 /MDd /GS /fp:precise /Zc:wchar_t /Zc:forScope /Yu"StdAfx.h" /Fp"Debug\tds.pch" /Fo"Debug\\" /Fd"Debug\vc100.pdb" /Gd /TP /analyze- /errorReport:prompt tdsDlg.cpp
         tdsDlg.cpp
       ResourceCompile:
         모든 출력이 최신 상태입니다.
       ManifestResourceCompile:
         모든 출력이 최신 상태입니다.
       Link:
         d:\Program Files (x86)\Microsoft Visual Studio 10.0\VC\bin\link.exe /ERRORREPORT:PROMPT /OUT:"D:\TrainProj\vc\tds\Debug\tds.exe" /INCREMENTAL /NOLOGO /MANIFEST /ManifestFile:"Debug\tds.exe.intermediate.manifest" /MANIFESTUAC:"level='asInvoker' uiAccess='false'" /DEBUG /PDB:"D:\TrainProj\vc\tds\Debug\tds.pdb" /SUBSYSTEM:WINDOWS /TLBID:1 /ENTRY:"wWinMainCRTStartup" /DYNAMICBASE /NXCOMPAT /IMPLIB:"D:\TrainProj\vc\tds\Debug\tds.lib" /MACHINE:X86 Debug\tds.res
         Debug\tds.exe.embed.manifest.res
         Debug\Port.obj
         Debug\stdafx.obj
         Debug\tds.obj
         Debug\tdsDlg.obj
       Manifest:
         C:\Program Files (x86)\Microsoft SDKs\Windows\v7.0A\bin\mt.exe /nologo /verbose /out:"Debug\tds.exe.embed.manifest" /manifest Debug\tds.exe.intermediate.manifest "d:\Program Files (x86)\Microsoft Visual Studio 10.0\VC\Include\Manifest\dpiaware.manifest"
         모든 출력이 최신 상태입니다.
       LinkEmbedManifest:
         모든 출력이 최신 상태입니다.
         tds.vcxproj -> D:\TrainProj\vc\tds\Debug\tds.exe
       FinalizeBuildStatus:
         "Debug\tds.unsuccessfulbuild" 파일을 삭제하고 있습니다.
         "Debug\tds.lastbuildstate"에 연결(touching)하고 있습니다.
     1>"D:\TrainProj\vc\tds\tds\tds.vcxproj" 프로젝트를 빌드했습니다(build 대상).

빌드했습니다.

경과 시간: 00:00:09.29
