00001628 <SccISR>:
    1628:	cf 93       	push	r28
    162a:	df 93       	push	r29
    162c:	cd b7       	in	r28, 0x3d	; sp
    162e:	de b7       	in	r29, 0x3e
    1630:	2c 97       	sbiw	r28, 0x0c	; sp - 12
    1632:	0f b6       	in	r0, 0x3f	; sreg
    1634:	f8 94       	cli
    1636:	de bf       	out	0x3e, r29	; sp
    1638:	0f be       	out	0x3f, r0	; sreg
    163a:	cd bf       	out	0x3d, r28	; sp
    163c:	8c 87       	std	Y+12, r24	; id
    163e:	19 82       	std	Y+1, r1	; ????
   
    1640:	83 e2       	ldi	r24, 0x23	; 35
    1642:	90 e0       	ldi	r25, 0x00	; 0
    1644:	21 e0       	ldi	r18, 0x01	; 1
    1646:	fc 01       	movw	r30, r24
    1648:	20 83       	st	Z, r18
   
	SCCC(di, 0) = 3;
    164a:	8c 85       	ldd	r24, Y+12	; id
    164c:	88 2f       	mov	r24, r24
    164e:	90 e0       	ldi	r25, 0x00	; 
    1650:	98 2f       	mov	r25, r24	; id << 8
    1652:	88 27       	eor	r24, r24
    1654:	8f 5f       	subi	r24, 0xFF	; id + 0x2000
    1656:	9f 4d       	sbci	r25, 0xDF
    1658:	23 e0       	ldi	r18, 0x03	; 3
    165a:	fc 01       	movw	r30, r24
    165c:	20 83       	st	Z, r18		; 0x2000 + id << 8 = 3;
   
    165e:	83 e2       	ldi	r24, 0x23	; 35
    1660:	90 e0       	ldi	r25, 0x00	; 0
    1662:	22 e0       	ldi	r18, 0x02	; 2
    1664:	fc 01       	movw	r30, r24
    1666:	20 83       	st	Z, r18
   
	state = SCCC(di, 0);
    1668:	8c 85       	ldd	r24, Y+12	; 0x0c
    166a:	88 2f       	mov	r24, r24
    166c:	90 e0       	ldi	r25, 0x00	; 0
    166e:	98 2f       	mov	r25, r24
    1670:	88 27       	eor	r24, r24
    1672:	8f 5f       	subi	r24, 0xFF	; 255
    1674:	9f 4d       	sbci	r25, 0xDF	; 223
    1676:	fc 01       	movw	r30, r24
    1678:	80 81       	ld	r24, Z
    167a:	89 83       	std	Y+1, r24	; 0x01
   
    167c:	83 e2       	ldi	r24, 0x23	; 35
    167e:	90 e0       	ldi	r25, 0x00	; 0
    1680:	23 e0       	ldi	r18, 0x03	; 3
    1682:	fc 01       	movw	r30, r24
    1684:	20 83       	st	Z, r18
 
    1686:	89 81       	ldd	r24, Y+1	; 0x01
    1688:	88 2f       	mov	r24, r24
    168a:	90 e0       	ldi	r25, 0x00	; 0
    168c:	80 72       	andi	r24, 0x20	; 32
    168e:	99 27       	eor	r25, r25
    1690:	89 2b       	or	r24, r25
    1692:	09 f4       	brne	.+2      	; 0x1696 <SccISR+0x6e>
    1694:	9f c0       	rjmp	.+318    	; 0x17d4 <SccISR+0x1ac>
    1696:	8c 85       	ldd	r24, Y+12	; 0x0c
    1698:	88 2f       	mov	r24, r24
    169a:	90 e0       	ldi	r25, 0x00	; 0
    169c:	98 2f       	mov	r25, r24
    169e:	88 27       	eor	r24, r24
    16a0:	8d 5f       	subi	r24, 0xFD	; 253
    16a2:	9f 4d       	sbci	r25, 0xDF	; 223
    16a4:	fc 01       	movw	r30, r24
    16a6:	80 81       	ld	r24, Z
    16a8:	8a 83       	std	Y+2, r24	; 0x02
    16aa:	8c 85       	ldd	r24, Y+12	; 0x0c
    16ac:	88 2f       	mov	r24, r24
    16ae:	90 e0       	ldi	r25, 0x00	; 0
    16b0:	ac 01       	movw	r20, r24
    16b2:	44 0f       	add	r20, r20
    16b4:	55 1f       	adc	r21, r21
    16b6:	24 e1       	ldi	r18, 0x14	; 20
    16b8:	31 e0       	ldi	r19, 0x01	; 1
    16ba:	42 9f       	mul	r20, r18
    16bc:	c0 01       	movw	r24, r0
    16be:	43 9f       	mul	r20, r19
    16c0:	90 0d       	add	r25, r0
    16c2:	52 9f       	mul	r21, r18
    16c4:	90 0d       	add	r25, r0
    16c6:	11 24       	eor	r1, r1
    16c8:	01 96       	adiw	r24, 0x01	; 1
    16ca:	8c 5c       	subi	r24, 0xCC	; 204
    16cc:	99 4f       	sbci	r25, 0xF9	; 249
    16ce:	9c 83       	std	Y+4, r25	; 0x04
    16d0:	8b 83       	std	Y+3, r24	; 0x03
    16d2:	80 91 34 06 	lds	r24, 0x0634
    16d6:	88 2f       	mov	r24, r24
    16d8:	90 e0       	ldi	r25, 0x00	; 0
    16da:	2c 85       	ldd	r18, Y+12	; 0x0c
    16dc:	22 2f       	mov	r18, r18
    16de:	30 e0       	ldi	r19, 0x00	; 0
    16e0:	22 0f       	add	r18, r18
    16e2:	33 1f       	adc	r19, r19
    16e4:	02 c0       	rjmp	.+4      	; 0x16ea <SccISR+0xc2>
    16e6:	95 95       	asr	r25
    16e8:	87 95       	ror	r24
    16ea:	2a 95       	dec	r18
    16ec:	e2 f7       	brpl	.-8      	; 0x16e6 <SccISR+0xbe>
    16ee:	81 70       	andi	r24, 0x01	; 1
    16f0:	99 27       	eor	r25, r25
    16f2:	89 2b       	or	r24, r25
    16f4:	09 f0       	breq	.+2      	; 0x16f8 <SccISR+0xd0>
    16f6:	6e c0       	rjmp	.+220    	; 0x17d4 <SccISR+0x1ac>
    16f8:	8b 81       	ldd	r24, Y+3	; 0x03
    16fa:	9c 81       	ldd	r25, Y+4	; 0x04
    16fc:	84 5f       	subi	r24, 0xF4	; 244
    16fe:	9e 4f       	sbci	r25, 0xFE	; 254
    1700:	fc 01       	movw	r30, r24
    1702:	80 81       	ld	r24, Z
    1704:	88 23       	and	r24, r24
    1706:	0c f4       	brge	.+2      	; 0x170a <SccISR+0xe2>
    1708:	65 c0       	rjmp	.+202    	; 0x17d4 <SccISR+0x1ac>
    170a:	8b 81       	ldd	r24, Y+3	; 0x03
    170c:	9c 81       	ldd	r25, Y+4	; 0x04
    170e:	84 5f       	subi	r24, 0xF4	; 244
    1710:	9e 4f       	sbci	r25, 0xFE	; 254
    1712:	fc 01       	movw	r30, r24
    1714:	20 81       	ld	r18, Z
    1716:	31 e0       	ldi	r19, 0x01	; 1
    1718:	32 0f       	add	r19, r18
    171a:	8b 81       	ldd	r24, Y+3	; 0x03
    171c:	9c 81       	ldd	r25, Y+4	; 0x04
    171e:	84 5f       	subi	r24, 0xF4	; 244
    1720:	9e 4f       	sbci	r25, 0xFE	; 254
    1722:	fc 01       	movw	r30, r24
    1724:	30 83       	st	Z, r19
    1726:	82 2f       	mov	r24, r18
    1728:	90 e0       	ldi	r25, 0x00	; 0
    172a:	2b 81       	ldd	r18, Y+3	; 0x03
    172c:	3c 81       	ldd	r19, Y+4	; 0x04
    172e:	82 0f       	add	r24, r18
    1730:	93 1f       	adc	r25, r19
    1732:	84 57       	subi	r24, 0x74	; 116
    1734:	9f 4f       	sbci	r25, 0xFF	; 255
    1736:	2a 81       	ldd	r18, Y+2	; 0x02
    1738:	fc 01       	movw	r30, r24
    173a:	20 83       	st	Z, r18
    173c:	8b 81       	ldd	r24, Y+3	; 0x03
    173e:	9c 81       	ldd	r25, Y+4	; 0x04
    1740:	fc 01       	movw	r30, r24
    1742:	83 81       	ldd	r24, Z+3	; 0x03
    1744:	80 73       	andi	r24, 0x30	; 48
    1746:	80 33       	cpi	r24, 0x30	; 48
    1748:	f9 f4       	brne	.+62     	; 0x1788 <SccISR+0x160>
    174a:	8c 85       	ldd	r24, Y+12	; 0x0c
    174c:	88 2f       	mov	r24, r24
    174e:	90 e0       	ldi	r25, 0x00	; 0
    1750:	98 2f       	mov	r25, r24
    1752:	88 27       	eor	r24, r24
    1754:	8f 5f       	subi	r24, 0xFF	; 255
    1756:	9f 4d       	sbci	r25, 0xDF	; 223
    1758:	21 e0       	ldi	r18, 0x01	; 1
    175a:	fc 01       	movw	r30, r24
    175c:	20 83       	st	Z, r18
    175e:	8c 85       	ldd	r24, Y+12	; 0x0c
    1760:	88 2f       	mov	r24, r24
    1762:	90 e0       	ldi	r25, 0x00	; 0
    1764:	98 2f       	mov	r25, r24
    1766:	88 27       	eor	r24, r24
    1768:	8f 5f       	subi	r24, 0xFF	; 255
    176a:	9f 4d       	sbci	r25, 0xDF	; 223
    176c:	fc 01       	movw	r30, r24
    176e:	80 81       	ld	r24, Z
    1770:	8a 83       	std	Y+2, r24	; 0x02
    1772:	8a 81       	ldd	r24, Y+2	; 0x02
    1774:	88 23       	and	r24, r24
    1776:	74 f5       	brge	.+92     	; 0x17d4 <SccISR+0x1ac>
    1778:	8b 81       	ldd	r24, Y+3	; 0x03
    177a:	9c 81       	ldd	r25, Y+4	; 0x04
    177c:	82 5f       	subi	r24, 0xF2	; 242
    177e:	9e 4f       	sbci	r25, 0xFE	; 254
    1780:	2a e0       	ldi	r18, 0x0A	; 10
    1782:	fc 01       	movw	r30, r24
    1784:	20 83       	st	Z, r18
    1786:	26 c0       	rjmp	.+76     	; 0x17d4 <SccISR+0x1ac>
    1788:	8b 81       	ldd	r24, Y+3	; 0x03
    178a:	9c 81       	ldd	r25, Y+4	; 0x04
    178c:	8a 57       	subi	r24, 0x7A	; 122
    178e:	9f 4f       	sbci	r25, 0xFF	; 255
    1790:	fc 01       	movw	r30, r24
    1792:	80 81       	ld	r24, Z
    1794:	88 23       	and	r24, r24
    1796:	41 f4       	brne	.+16     	; 0x17a8 <SccISR+0x180>
    1798:	8b 81       	ldd	r24, Y+3	; 0x03
    179a:	9c 81       	ldd	r25, Y+4	; 0x04
    179c:	83 5f       	subi	r24, 0xF3	; 243
    179e:	9e 4f       	sbci	r25, 0xFE	; 254
    17a0:	fc 01       	movw	r30, r24
    17a2:	80 81       	ld	r24, Z
    17a4:	88 23       	and	r24, r24
    17a6:	79 f0       	breq	.+30     	; 0x17c6 <SccISR+0x19e>
    17a8:	8b 81       	ldd	r24, Y+3	; 0x03
    17aa:	9c 81       	ldd	r25, Y+4	; 0x04
    17ac:	84 5f       	subi	r24, 0xF4	; 244
    17ae:	9e 4f       	sbci	r25, 0xFE	; 254
    17b0:	fc 01       	movw	r30, r24
    17b2:	80 81       	ld	r24, Z
    17b4:	2f ef       	ldi	r18, 0xFF	; 255
    17b6:	28 0f       	add	r18, r24
    17b8:	8b 81       	ldd	r24, Y+3	; 0x03
    17ba:	9c 81       	ldd	r25, Y+4	; 0x04
    17bc:	84 5f       	subi	r24, 0xF4	; 244
    17be:	9e 4f       	sbci	r25, 0xFE	; 254
    17c0:	fc 01       	movw	r30, r24
    17c2:	20 83       	st	Z, r18
    17c4:	07 c0       	rjmp	.+14     	; 0x17d4 <SccISR+0x1ac>
    17c6:	8b 81       	ldd	r24, Y+3	; 0x03
    17c8:	9c 81       	ldd	r25, Y+4	; 0x04
    17ca:	82 5f       	subi	r24, 0xF2	; 242
    17cc:	9e 4f       	sbci	r25, 0xFE	; 254
    17ce:	2a e0       	ldi	r18, 0x0A	; 10
    17d0:	fc 01       	movw	r30, r24
    17d2:	20 83       	st	Z, r18
    17d4:	89 81       	ldd	r24, Y+1	; 0x01
    17d6:	88 2f       	mov	r24, r24
    17d8:	90 e0       	ldi	r25, 0x00	; 0
    17da:	80 71       	andi	r24, 0x10	; 16
    17dc:	99 27       	eor	r25, r25
    17de:	89 2b       	or	r24, r25
    17e0:	09 f4       	brne	.+2      	; 0x17e4 <SccISR+0x1bc>
    17e2:	55 c0       	rjmp	.+170    	; 0x188e <SccISR+0x266>
    17e4:	8c 85       	ldd	r24, Y+12	; 0x0c
    17e6:	88 2f       	mov	r24, r24
    17e8:	90 e0       	ldi	r25, 0x00	; 0
    17ea:	ac 01       	movw	r20, r24
    17ec:	44 0f       	add	r20, r20
    17ee:	55 1f       	adc	r21, r21
    17f0:	24 e1       	ldi	r18, 0x14	; 20
    17f2:	31 e0       	ldi	r19, 0x01	; 1
    17f4:	42 9f       	mul	r20, r18
    17f6:	c0 01       	movw	r24, r0
    17f8:	43 9f       	mul	r20, r19
    17fa:	90 0d       	add	r25, r0
    17fc:	52 9f       	mul	r21, r18
    17fe:	90 0d       	add	r25, r0
    1800:	11 24       	eor	r1, r1
    1802:	01 96       	adiw	r24, 0x01	; 1
    1804:	8c 5c       	subi	r24, 0xCC	; 204
    1806:	99 4f       	sbci	r25, 0xF9	; 249
    1808:	9e 83       	std	Y+6, r25	; 0x06
    180a:	8d 83       	std	Y+5, r24	; 0x05
    180c:	8d 81       	ldd	r24, Y+5	; 0x05
    180e:	9e 81       	ldd	r25, Y+6	; 0x06
    1810:	8c 57       	subi	r24, 0x7C	; 124
    1812:	9f 4f       	sbci	r25, 0xFF	; 255
    1814:	fc 01       	movw	r30, r24
    1816:	20 81       	ld	r18, Z
    1818:	8d 81       	ldd	r24, Y+5	; 0x05
    181a:	9e 81       	ldd	r25, Y+6	; 0x06
    181c:	8b 57       	subi	r24, 0x7B	; 123
    181e:	9f 4f       	sbci	r25, 0xFF	; 255
    1820:	fc 01       	movw	r30, r24
    1822:	80 81       	ld	r24, Z
    1824:	28 17       	cp	r18, r24
    1826:	10 f5       	brcc	.+68     	; 0x186c <SccISR+0x244>
    1828:	8c 85       	ldd	r24, Y+12	; 0x0c
    182a:	88 2f       	mov	r24, r24
    182c:	90 e0       	ldi	r25, 0x00	; 0
    182e:	98 2f       	mov	r25, r24
    1830:	88 27       	eor	r24, r24
    1832:	8d 5f       	subi	r24, 0xFD	; 253
    1834:	9f 4d       	sbci	r25, 0xDF	; 223
    1836:	ac 01       	movw	r20, r24
    1838:	8d 81       	ldd	r24, Y+5	; 0x05
    183a:	9e 81       	ldd	r25, Y+6	; 0x06
    183c:	8c 57       	subi	r24, 0x7C	; 124
    183e:	9f 4f       	sbci	r25, 0xFF	; 255
    1840:	fc 01       	movw	r30, r24
    1842:	20 81       	ld	r18, Z
    1844:	31 e0       	ldi	r19, 0x01	; 1
    1846:	32 0f       	add	r19, r18
    1848:	8d 81       	ldd	r24, Y+5	; 0x05
    184a:	9e 81       	ldd	r25, Y+6	; 0x06
    184c:	8c 57       	subi	r24, 0x7C	; 124
    184e:	9f 4f       	sbci	r25, 0xFF	; 255
    1850:	fc 01       	movw	r30, r24
    1852:	30 83       	st	Z, r19
    1854:	82 2f       	mov	r24, r18
    1856:	90 e0       	ldi	r25, 0x00	; 0
    1858:	2d 81       	ldd	r18, Y+5	; 0x05
    185a:	3e 81       	ldd	r19, Y+6	; 0x06
    185c:	82 0f       	add	r24, r18
    185e:	93 1f       	adc	r25, r19
    1860:	04 96       	adiw	r24, 0x04	; 4
    1862:	fc 01       	movw	r30, r24
    1864:	80 81       	ld	r24, Z
    1866:	fa 01       	movw	r30, r20
    1868:	80 83       	st	Z, r24
    186a:	11 c0       	rjmp	.+34     	; 0x188e <SccISR+0x266>
    186c:	8c 85       	ldd	r24, Y+12	; 0x0c
    186e:	88 2f       	mov	r24, r24
    1870:	90 e0       	ldi	r25, 0x00	; 0
    1872:	98 2f       	mov	r25, r24
    1874:	88 27       	eor	r24, r24
    1876:	8f 5f       	subi	r24, 0xFF	; 255
    1878:	9f 4d       	sbci	r25, 0xDF	; 223
    187a:	28 e2       	ldi	r18, 0x28	; 40
    187c:	fc 01       	movw	r30, r24
    187e:	20 83       	st	Z, r18
    1880:	8d 81       	ldd	r24, Y+5	; 0x05
    1882:	9e 81       	ldd	r25, Y+6	; 0x06
    1884:	8a 57       	subi	r24, 0x7A	; 122
    1886:	9f 4f       	sbci	r25, 0xFF	; 255
    1888:	22 e0       	ldi	r18, 0x02	; 2
    188a:	fc 01       	movw	r30, r24
    188c:	20 83       	st	Z, r18
    188e:	89 81       	ldd	r24, Y+1	; 0x01
    1890:	88 2f       	mov	r24, r24
    1892:	90 e0       	ldi	r25, 0x00	; 0
    1894:	88 70       	andi	r24, 0x08	; 8
    1896:	99 27       	eor	r25, r25
    1898:	89 2b       	or	r24, r25
    189a:	51 f0       	breq	.+20     	; 0x18b0 <SccISR+0x288>
    189c:	8c 85       	ldd	r24, Y+12	; 0x0c
    189e:	88 2f       	mov	r24, r24
    18a0:	90 e0       	ldi	r25, 0x00	; 0
    18a2:	98 2f       	mov	r25, r24
    18a4:	88 27       	eor	r24, r24
    18a6:	8f 5f       	subi	r24, 0xFF	; 255
    18a8:	9f 4d       	sbci	r25, 0xDF	; 223
    18aa:	20 e1       	ldi	r18, 0x10	; 16
    18ac:	fc 01       	movw	r30, r24
    18ae:	20 83       	st	Z, r18
    18b0:	89 81       	ldd	r24, Y+1	; 0x01
    18b2:	88 2f       	mov	r24, r24
    18b4:	90 e0       	ldi	r25, 0x00	; 0
    18b6:	84 70       	andi	r24, 0x04	; 4
    18b8:	99 27       	eor	r25, r25
    18ba:	89 2b       	or	r24, r25
    18bc:	09 f4       	brne	.+2      	; 0x18c0 <SccISR+0x298>
    18be:	a1 c0       	rjmp	.+322    	; 0x1a02 <SccISR+0x3da>
    18c0:	8c 85       	ldd	r24, Y+12	; 0x0c
    18c2:	88 2f       	mov	r24, r24
    18c4:	90 e0       	ldi	r25, 0x00	; 0
    18c6:	98 2f       	mov	r25, r24
    18c8:	88 27       	eor	r24, r24
    18ca:	8e 5f       	subi	r24, 0xFE	; 254
    18cc:	9f 4d       	sbci	r25, 0xDF	; 223
    18ce:	fc 01       	movw	r30, r24
    18d0:	80 81       	ld	r24, Z
    18d2:	8f 83       	std	Y+7, r24	; 0x07
    18d4:	8c 85       	ldd	r24, Y+12	; 0x0c
    18d6:	88 2f       	mov	r24, r24
    18d8:	90 e0       	ldi	r25, 0x00	; 0
    18da:	88 0f       	add	r24, r24
    18dc:	99 1f       	adc	r25, r25
    18de:	ac 01       	movw	r20, r24
    18e0:	4f 5f       	subi	r20, 0xFF	; 255
    18e2:	5f 4f       	sbci	r21, 0xFF	; 255
    18e4:	24 e1       	ldi	r18, 0x14	; 20
    18e6:	31 e0       	ldi	r19, 0x01	; 1
    18e8:	42 9f       	mul	r20, r18
    18ea:	c0 01       	movw	r24, r0
    18ec:	43 9f       	mul	r20, r19
    18ee:	90 0d       	add	r25, r0
    18f0:	52 9f       	mul	r21, r18
    18f2:	90 0d       	add	r25, r0
    18f4:	11 24       	eor	r1, r1
    18f6:	01 96       	adiw	r24, 0x01	; 1
    18f8:	8c 5c       	subi	r24, 0xCC	; 204
    18fa:	99 4f       	sbci	r25, 0xF9	; 249
    18fc:	99 87       	std	Y+9, r25	; 0x09
    18fe:	88 87       	std	Y+8, r24	; 0x08
    1900:	80 91 34 06 	lds	r24, 0x0634
    1904:	88 2f       	mov	r24, r24
    1906:	90 e0       	ldi	r25, 0x00	; 0
    1908:	2c 85       	ldd	r18, Y+12	; 0x0c
    190a:	22 2f       	mov	r18, r18
    190c:	30 e0       	ldi	r19, 0x00	; 0
    190e:	22 0f       	add	r18, r18
    1910:	33 1f       	adc	r19, r19
    1912:	2f 5f       	subi	r18, 0xFF	; 255
    1914:	3f 4f       	sbci	r19, 0xFF	; 255
    1916:	02 c0       	rjmp	.+4      	; 0x191c <SccISR+0x2f4>
    1918:	95 95       	asr	r25
    191a:	87 95       	ror	r24
    191c:	2a 95       	dec	r18
    191e:	e2 f7       	brpl	.-8      	; 0x1918 <SccISR+0x2f0>
    1920:	81 70       	andi	r24, 0x01	; 1
    1922:	99 27       	eor	r25, r25
    1924:	89 2b       	or	r24, r25
    1926:	09 f0       	breq	.+2      	; 0x192a <SccISR+0x302>
    1928:	6c c0       	rjmp	.+216    	; 0x1a02 <SccISR+0x3da>
    192a:	88 85       	ldd	r24, Y+8	; 0x08
    192c:	99 85       	ldd	r25, Y+9	; 0x09
    192e:	84 5f       	subi	r24, 0xF4	; 244
    1930:	9e 4f       	sbci	r25, 0xFE	; 254
    1932:	fc 01       	movw	r30, r24
    1934:	80 81       	ld	r24, Z
    1936:	88 23       	and	r24, r24
    1938:	0c f4       	brge	.+2      	; 0x193c <SccISR+0x314>
    193a:	63 c0       	rjmp	.+198    	; 0x1a02 <SccISR+0x3da>
    193c:	88 85       	ldd	r24, Y+8	; 0x08
    193e:	99 85       	ldd	r25, Y+9	; 0x09
    1940:	84 5f       	subi	r24, 0xF4	; 244
    1942:	9e 4f       	sbci	r25, 0xFE	; 254
    1944:	fc 01       	movw	r30, r24
    1946:	20 81       	ld	r18, Z
    1948:	31 e0       	ldi	r19, 0x01	; 1
    194a:	32 0f       	add	r19, r18
    194c:	88 85       	ldd	r24, Y+8	; 0x08
    194e:	99 85       	ldd	r25, Y+9	; 0x09
    1950:	84 5f       	subi	r24, 0xF4	; 244
    1952:	9e 4f       	sbci	r25, 0xFE	; 254
    1954:	fc 01       	movw	r30, r24
    1956:	30 83       	st	Z, r19
    1958:	82 2f       	mov	r24, r18
    195a:	90 e0       	ldi	r25, 0x00	; 0
    195c:	28 85       	ldd	r18, Y+8	; 0x08
    195e:	39 85       	ldd	r19, Y+9	; 0x09
    1960:	82 0f       	add	r24, r18
    1962:	93 1f       	adc	r25, r19
    1964:	84 57       	subi	r24, 0x74	; 116
    1966:	9f 4f       	sbci	r25, 0xFF	; 255
    1968:	2f 81       	ldd	r18, Y+7	; 0x07
    196a:	fc 01       	movw	r30, r24
    196c:	20 83       	st	Z, r18
    196e:	88 85       	ldd	r24, Y+8	; 0x08
    1970:	99 85       	ldd	r25, Y+9	; 0x09
    1972:	fc 01       	movw	r30, r24
    1974:	83 81       	ldd	r24, Z+3	; 0x03
    1976:	80 73       	andi	r24, 0x30	; 48
    1978:	80 33       	cpi	r24, 0x30	; 48
    197a:	e9 f4       	brne	.+58     	; 0x19b6 <SccISR+0x38e>
    197c:	8c 85       	ldd	r24, Y+12	; 0x0c
    197e:	88 2f       	mov	r24, r24
    1980:	90 e0       	ldi	r25, 0x00	; 0
    1982:	98 2f       	mov	r25, r24
    1984:	88 27       	eor	r24, r24
    1986:	90 5e       	subi	r25, 0xE0	; 224
    1988:	21 e0       	ldi	r18, 0x01	; 1
    198a:	fc 01       	movw	r30, r24
    198c:	20 83       	st	Z, r18
    198e:	8c 85       	ldd	r24, Y+12	; 0x0c
    1990:	88 2f       	mov	r24, r24
    1992:	90 e0       	ldi	r25, 0x00	; 0
    1994:	98 2f       	mov	r25, r24
    1996:	88 27       	eor	r24, r24
    1998:	90 5e       	subi	r25, 0xE0	; 224
    199a:	fc 01       	movw	r30, r24
    199c:	80 81       	ld	r24, Z
    199e:	8f 83       	std	Y+7, r24	; 0x07
    19a0:	8f 81       	ldd	r24, Y+7	; 0x07
    19a2:	88 23       	and	r24, r24
    19a4:	74 f5       	brge	.+92     	; 0x1a02 <SccISR+0x3da>
    19a6:	88 85       	ldd	r24, Y+8	; 0x08
    19a8:	99 85       	ldd	r25, Y+9	; 0x09
    19aa:	82 5f       	subi	r24, 0xF2	; 242
    19ac:	9e 4f       	sbci	r25, 0xFE	; 254
    19ae:	2a e0       	ldi	r18, 0x0A	; 10
    19b0:	fc 01       	movw	r30, r24
    19b2:	20 83       	st	Z, r18
    19b4:	26 c0       	rjmp	.+76     	; 0x1a02 <SccISR+0x3da>
    19b6:	88 85       	ldd	r24, Y+8	; 0x08
    19b8:	99 85       	ldd	r25, Y+9	; 0x09
    19ba:	8a 57       	subi	r24, 0x7A	; 122
    19bc:	9f 4f       	sbci	r25, 0xFF	; 255
    19be:	fc 01       	movw	r30, r24
    19c0:	80 81       	ld	r24, Z
    19c2:	88 23       	and	r24, r24
    19c4:	41 f4       	brne	.+16     	; 0x19d6 <SccISR+0x3ae>
    19c6:	88 85       	ldd	r24, Y+8	; 0x08
    19c8:	99 85       	ldd	r25, Y+9	; 0x09
    19ca:	83 5f       	subi	r24, 0xF3	; 243
    19cc:	9e 4f       	sbci	r25, 0xFE	; 254
    19ce:	fc 01       	movw	r30, r24
    19d0:	80 81       	ld	r24, Z
    19d2:	88 23       	and	r24, r24
    19d4:	79 f0       	breq	.+30     	; 0x19f4 <SccISR+0x3cc>
    19d6:	88 85       	ldd	r24, Y+8	; 0x08
    19d8:	99 85       	ldd	r25, Y+9	; 0x09
    19da:	84 5f       	subi	r24, 0xF4	; 244
    19dc:	9e 4f       	sbci	r25, 0xFE	; 254
    19de:	fc 01       	movw	r30, r24
    19e0:	80 81       	ld	r24, Z
    19e2:	2f ef       	ldi	r18, 0xFF	; 255
    19e4:	28 0f       	add	r18, r24
    19e6:	88 85       	ldd	r24, Y+8	; 0x08
    19e8:	99 85       	ldd	r25, Y+9	; 0x09
    19ea:	84 5f       	subi	r24, 0xF4	; 244
    19ec:	9e 4f       	sbci	r25, 0xFE	; 254
    19ee:	fc 01       	movw	r30, r24
    19f0:	20 83       	st	Z, r18
    19f2:	07 c0       	rjmp	.+14     	; 0x1a02 <SccISR+0x3da>
    19f4:	88 85       	ldd	r24, Y+8	; 0x08
    19f6:	99 85       	ldd	r25, Y+9	; 0x09
    19f8:	82 5f       	subi	r24, 0xF2	; 242
    19fa:	9e 4f       	sbci	r25, 0xFE	; 254
    19fc:	2a e0       	ldi	r18, 0x0A	; 10
    19fe:	fc 01       	movw	r30, r24
    1a00:	20 83       	st	Z, r18
    1a02:	89 81       	ldd	r24, Y+1	; 0x01
    1a04:	88 2f       	mov	r24, r24
    1a06:	90 e0       	ldi	r25, 0x00	; 0
    1a08:	82 70       	andi	r24, 0x02	; 2
    1a0a:	99 27       	eor	r25, r25
    1a0c:	89 2b       	or	r24, r25
    1a0e:	09 f4       	brne	.+2      	; 0x1a12 <SccISR+0x3ea>
    1a10:	56 c0       	rjmp	.+172    	; 0x1abe <SccISR+0x496>
    1a12:	8c 85       	ldd	r24, Y+12	; 0x0c
    1a14:	88 2f       	mov	r24, r24
    1a16:	90 e0       	ldi	r25, 0x00	; 0
    1a18:	88 0f       	add	r24, r24
    1a1a:	99 1f       	adc	r25, r25
    1a1c:	ac 01       	movw	r20, r24
    1a1e:	4f 5f       	subi	r20, 0xFF	; 255
    1a20:	5f 4f       	sbci	r21, 0xFF	; 255
    1a22:	24 e1       	ldi	r18, 0x14	; 20
    1a24:	31 e0       	ldi	r19, 0x01	; 1
    1a26:	42 9f       	mul	r20, r18
    1a28:	c0 01       	movw	r24, r0
    1a2a:	43 9f       	mul	r20, r19
    1a2c:	90 0d       	add	r25, r0
    1a2e:	52 9f       	mul	r21, r18
    1a30:	90 0d       	add	r25, r0
    1a32:	11 24       	eor	r1, r1
    1a34:	01 96       	adiw	r24, 0x01	; 1
    1a36:	8c 5c       	subi	r24, 0xCC	; 204
    1a38:	99 4f       	sbci	r25, 0xF9	; 249
    1a3a:	9b 87       	std	Y+11, r25	; 0x0b
    1a3c:	8a 87       	std	Y+10, r24	; 0x0a
    1a3e:	8a 85       	ldd	r24, Y+10	; 0x0a
    1a40:	9b 85       	ldd	r25, Y+11	; 0x0b
    1a42:	8c 57       	subi	r24, 0x7C	; 124
    1a44:	9f 4f       	sbci	r25, 0xFF	; 255
    1a46:	fc 01       	movw	r30, r24
    1a48:	20 81       	ld	r18, Z
    1a4a:	8a 85       	ldd	r24, Y+10	; 0x0a
    1a4c:	9b 85       	ldd	r25, Y+11	; 0x0b
    1a4e:	8b 57       	subi	r24, 0x7B	; 123
    1a50:	9f 4f       	sbci	r25, 0xFF	; 255
    1a52:	fc 01       	movw	r30, r24
    1a54:	80 81       	ld	r24, Z
    1a56:	28 17       	cp	r18, r24
    1a58:	10 f5       	brcc	.+68     	; 0x1a9e <SccISR+0x476>
    1a5a:	8c 85       	ldd	r24, Y+12	; 0x0c
    1a5c:	88 2f       	mov	r24, r24
    1a5e:	90 e0       	ldi	r25, 0x00	; 0
    1a60:	98 2f       	mov	r25, r24
    1a62:	88 27       	eor	r24, r24
    1a64:	8e 5f       	subi	r24, 0xFE	; 254
    1a66:	9f 4d       	sbci	r25, 0xDF	; 223
    1a68:	ac 01       	movw	r20, r24
    1a6a:	8a 85       	ldd	r24, Y+10	; 0x0a
    1a6c:	9b 85       	ldd	r25, Y+11	; 0x0b
    1a6e:	8c 57       	subi	r24, 0x7C	; 124
    1a70:	9f 4f       	sbci	r25, 0xFF	; 255
    1a72:	fc 01       	movw	r30, r24
    1a74:	20 81       	ld	r18, Z
    1a76:	31 e0       	ldi	r19, 0x01	; 1
    1a78:	32 0f       	add	r19, r18
    1a7a:	8a 85       	ldd	r24, Y+10	; 0x0a
    1a7c:	9b 85       	ldd	r25, Y+11	; 0x0b
    1a7e:	8c 57       	subi	r24, 0x7C	; 124
    1a80:	9f 4f       	sbci	r25, 0xFF	; 255
    1a82:	fc 01       	movw	r30, r24
    1a84:	30 83       	st	Z, r19
    1a86:	82 2f       	mov	r24, r18
    1a88:	90 e0       	ldi	r25, 0x00	; 0
    1a8a:	2a 85       	ldd	r18, Y+10	; 0x0a
    1a8c:	3b 85       	ldd	r19, Y+11	; 0x0b
    1a8e:	82 0f       	add	r24, r18
    1a90:	93 1f       	adc	r25, r19
    1a92:	04 96       	adiw	r24, 0x04	; 4
    1a94:	fc 01       	movw	r30, r24
    1a96:	80 81       	ld	r24, Z
    1a98:	fa 01       	movw	r30, r20
    1a9a:	80 83       	st	Z, r24
    1a9c:	10 c0       	rjmp	.+32     	; 0x1abe <SccISR+0x496>
    1a9e:	8c 85       	ldd	r24, Y+12	; 0x0c
    1aa0:	88 2f       	mov	r24, r24
    1aa2:	90 e0       	ldi	r25, 0x00	; 0
    1aa4:	98 2f       	mov	r25, r24
    1aa6:	88 27       	eor	r24, r24
    1aa8:	90 5e       	subi	r25, 0xE0	; 224
    1aaa:	28 e2       	ldi	r18, 0x28	; 40
    1aac:	fc 01       	movw	r30, r24
    1aae:	20 83       	st	Z, r18
    1ab0:	8a 85       	ldd	r24, Y+10	; 0x0a
    1ab2:	9b 85       	ldd	r25, Y+11	; 0x0b
    1ab4:	8a 57       	subi	r24, 0x7A	; 122
    1ab6:	9f 4f       	sbci	r25, 0xFF	; 255
    1ab8:	22 e0       	ldi	r18, 0x02	; 2
    1aba:	fc 01       	movw	r30, r24
    1abc:	20 83       	st	Z, r18
    1abe:	89 81       	ldd	r24, Y+1	; 0x01
    1ac0:	88 2f       	mov	r24, r24
    1ac2:	90 e0       	ldi	r25, 0x00	; 0
    1ac4:	81 70       	andi	r24, 0x01	; 1
    1ac6:	99 27       	eor	r25, r25
    1ac8:	89 2b       	or	r24, r25
    1aca:	49 f0       	breq	.+18     	; 0x1ade <SccISR+0x4b6>
    1acc:	8c 85       	ldd	r24, Y+12	; 0x0c
    1ace:	88 2f       	mov	r24, r24
    1ad0:	90 e0       	ldi	r25, 0x00	; 0
    1ad2:	98 2f       	mov	r25, r24
    1ad4:	88 27       	eor	r24, r24
    1ad6:	90 5e       	subi	r25, 0xE0	; 224
    1ad8:	20 e1       	ldi	r18, 0x10	; 16
    1ada:	fc 01       	movw	r30, r24
    1adc:	20 83       	st	Z, r18
    1ade:	89 81       	ldd	r24, Y+1	; 0x01
    1ae0:	88 23       	and	r24, r24
    1ae2:	09 f0       	breq	.+2      	; 0x1ae6 <SccISR+0x4be>
    1ae4:	ad cd       	rjmp	.-1190   	; 0x1640 <SccISR+0x18>
    1ae6:	2c 96       	adiw	r28, 0x0c	; 12
    1ae8:	0f b6       	in	r0, 0x3f	; 63
    1aea:	f8 94       	cli
    1aec:	de bf       	out	0x3e, r29	; 62
    1aee:	0f be       	out	0x3f, r0	; 63
    1af0:	cd bf       	out	0x3d, r28	; 61
    1af2:	df 91       	pop	r29
    1af4:	cf 91       	pop	r28
    1af6:	08 95       	ret
