D:\TRAINPROJ\VC\TDD\DEBUG\TDD.EXE
D:\TRAINPROJ\VC\TDD\DEBUG\TDD.ILK
D:\TRAINPROJ\VC\TDD\DEBUG\TDD.PDB
D:\TrainProj\vc\tdd\tdd\Debug\cl.command.1.tlog
D:\TrainProj\vc\tdd\tdd\Debug\CL.read.1.tlog
D:\TrainProj\vc\tdd\tdd\Debug\CL.write.1.tlog
D:\TrainProj\vc\tdd\tdd\Debug\link.21652.read.1.tlog
D:\TrainProj\vc\tdd\tdd\Debug\link.21652.write.1.tlog
D:\TrainProj\vc\tdd\tdd\Debug\link.21652-cvtres.read.1.tlog
D:\TrainProj\vc\tdd\tdd\Debug\link.21652-cvtres.write.1.tlog
D:\TrainProj\vc\tdd\tdd\Debug\link.22132.read.1.tlog
D:\TrainProj\vc\tdd\tdd\Debug\link.22132.write.1.tlog
D:\TrainProj\vc\tdd\tdd\Debug\link.22132-cvtres.read.1.tlog
D:\TrainProj\vc\tdd\tdd\Debug\link.22132-cvtres.write.1.tlog
D:\TrainProj\vc\tdd\tdd\Debug\link.command.1.tlog
D:\TrainProj\vc\tdd\tdd\Debug\link.read.1.tlog
D:\TrainProj\vc\tdd\tdd\Debug\link.write.1.tlog
D:\TrainProj\vc\tdd\tdd\Debug\link-cvtres.read.1.tlog
D:\TrainProj\vc\tdd\tdd\Debug\link-cvtres.write.1.tlog
D:\TrainProj\vc\tdd\tdd\Debug\mt.command.1.tlog
D:\TrainProj\vc\tdd\tdd\Debug\mt.read.1.tlog
D:\TrainProj\vc\tdd\tdd\Debug\mt.write.1.tlog
D:\TrainProj\vc\tdd\tdd\Debug\rc.command.1.tlog
D:\TrainProj\vc\tdd\tdd\Debug\rc.read.1.tlog
D:\TrainProj\vc\tdd\tdd\Debug\rc.write.1.tlog
D:\TRAINPROJ\VC\TDD\TDD\DEBUG\STDAFX.OBJ
D:\TRAINPROJ\VC\TDD\TDD\DEBUG\TDD.EXE.EMBED.MANIFEST
D:\TRAINPROJ\VC\TDD\TDD\DEBUG\TDD.EXE.EMBED.MANIFEST.RES
D:\TRAINPROJ\VC\TDD\TDD\DEBUG\TDD.EXE.INTERMEDIATE.MANIFEST
D:\TRAINPROJ\VC\TDD\TDD\DEBUG\TDD.OBJ
D:\TRAINPROJ\VC\TDD\TDD\DEBUG\TDD.PCH
D:\TRAINPROJ\VC\TDD\TDD\DEBUG\TDD.RES
D:\TrainProj\vc\tdd\tdd\Debug\tdd.vcxprojResolveAssemblyReference.cache
D:\TrainProj\vc\tdd\tdd\Debug\tdd.write.1.tlog
D:\TrainProj\vc\tdd\tdd\Debug\tdd_manifest.rc
D:\TRAINPROJ\VC\TDD\TDD\DEBUG\TDDDLG.OBJ
D:\TrainProj\vc\tdd\tdd\Debug\vc100.idb
D:\TRAINPROJ\VC\TDD\TDD\DEBUG\VC100.PDB
